<?xml version="1.0" encoding="UTF-8"?>
<!-- Generated by org.testng.reporters.JUnitXMLReporter -->
<testsuite hostname="AMBIN03202" ignored="0" name="ChromeTest" tests="3" failures="0" timestamp="2020-10-23T21:27:53 IST" time="25.782" errors="0">
  <testcase name="verifyLogo" time="0.081" classname="com.mystore.testcases.IndexPageTest"/>
  <testcase name="verifyLogo" time="0.094" classname="com.mystore.testcases.IndexPageTest"/>
  <testcase name="verifyTitle" time="0.005" classname="com.mystore.testcases.IndexPageTest"/>
</testsuite> <!-- ChromeTest -->
