<?xml version="1.0" encoding="UTF-8"?>
<!-- Generated by org.testng.reporters.JUnitXMLReporter -->
<testsuite hostname="AMBIN03202" ignored="12" name="Smoke" tests="5" failures="0" timestamp="2020-10-23T21:36:24 IST" time="91.389" errors="0">
  <testcase name="loginTest" time="8.65" classname="com.mystore.testcases.LoginPageTest"/>
  <testcase name="productAvailablityTest" time="2.335" classname="com.mystore.testcases.SearchPageResultPageTest"/>
  <testcase name="verifyLogo" time="0.047" classname="com.mystore.testcases.IndexPageTest"/>
  <testcase name="verifyTitle" time="0.005" classname="com.mystore.testcases.IndexPageTest"/>
  <testcase name="orderHistoryAndDetailsTest" time="10.883" classname="com.mystore.testcases.HomePageTest"/>
  <testcase name="wishListTest" time="0.0" classname="com.mystore.testcases.HomePageTest">
    <ignored/>
  </testcase> <!-- wishListTest -->
  <testcase name="addToCartTest" time="0.0" classname="com.mystore.testcases.AddToCartPageTest">
    <ignored/>
  </testcase> <!-- addToCartTest -->
  <testcase name="verifyTotalPrice" time="0.0" classname="com.mystore.testcases.OrderPageTest">
    <ignored/>
  </testcase> <!-- verifyTotalPrice -->
  <testcase name="@BeforeSuite beforeSuite" time="0.0" classname="com.mystore.base.BaseClass">
    <ignored/>
  </testcase> <!-- @BeforeSuite beforeSuite -->
  <testcase name="@BeforeSuite beforeSuite" time="0.0" classname="com.mystore.base.BaseClass">
    <ignored/>
  </testcase> <!-- @BeforeSuite beforeSuite -->
  <testcase name="@BeforeSuite beforeSuite" time="0.0" classname="com.mystore.base.BaseClass">
    <ignored/>
  </testcase> <!-- @BeforeSuite beforeSuite -->
  <testcase name="@BeforeSuite beforeSuite" time="0.0" classname="com.mystore.base.BaseClass">
    <ignored/>
  </testcase> <!-- @BeforeSuite beforeSuite -->
  <testcase name="@BeforeSuite beforeSuite" time="0.0" classname="com.mystore.base.BaseClass">
    <ignored/>
  </testcase> <!-- @BeforeSuite beforeSuite -->
  <testcase name="@BeforeSuite beforeSuite" time="0.0" classname="com.mystore.base.BaseClass">
    <ignored/>
  </testcase> <!-- @BeforeSuite beforeSuite -->
  <testcase name="@BeforeSuite beforeSuite" time="0.0" classname="com.mystore.base.BaseClass">
    <ignored/>
  </testcase> <!-- @BeforeSuite beforeSuite -->
  <testcase name="EndToEndTest1" time="0.0" classname="com.mystore.testcases.EndToEndTest">
    <ignored/>
  </testcase> <!-- EndToEndTest1 -->
  <testcase name="verifyCreateAccountPageTest" time="0.0" classname="com.mystore.testcases.AccountCreationPageTest">
    <ignored/>
  </testcase> <!-- verifyCreateAccountPageTest -->
</testsuite> <!-- Smoke -->
