<?xml version="1.0" encoding="UTF-8"?>
<!-- Generated by org.testng.reporters.JUnitXMLReporter -->
<testsuite hostname="AMBIN03202" ignored="14" name="Testng_all.xml" tests="10" failures="1" timestamp="2020-10-28T16:19:50 IST" time="286.258" errors="0">
  <testcase name="loginTest" time="5.782" classname="com.mystore.testcases.LoginPageTest">
    <failure type="java.lang.AssertionError" message="expected:&amp;lt;http://automationpractice.com/index.php?controller=my-account&amp;gt; but was:&amp;lt;http://automationpractice.com/index.php?controller=authentication&amp;gt;">
      <![CDATA[java.lang.AssertionError: expected:<http://automationpractice.com/index.php?controller=my-account> but was:<http://automationpractice.com/index.php?controller=authentication>
at com.mystore.testcases.LoginPageTest.loginTest(LoginPageTest.java:56)
at java.util.ArrayList.forEach(ArrayList.java:1257)
... Removed 29 stack frames]]>
    </failure>
  </testcase> <!-- loginTest -->
  <testcase name="EndToEndTest1" time="71.242" classname="com.mystore.testcases.EndToEndTest"/>
  <testcase name="productAvailablityTest" time="2.063" classname="com.mystore.testcases.SearchPageResultPageTest"/>
  <testcase name="verifyCreateAccountPageTest" time="7.724" classname="com.mystore.testcases.AccountCreationPageTest"/>
  <testcase name="verifyLogo" time="0.059" classname="com.mystore.testcases.IndexPageTest"/>
  <testcase name="verifyTitle" time="0.004" classname="com.mystore.testcases.IndexPageTest"/>
  <testcase name="orderHistoryAndDetailsTest" time="6.168" classname="com.mystore.testcases.HomePageTest"/>
  <testcase name="wishListTest" time="6.301" classname="com.mystore.testcases.HomePageTest"/>
  <testcase name="verifyTotalPrice" time="54.83" classname="com.mystore.testcases.OrderPageTest"/>
  <testcase name="addToCartTest" time="9.138" classname="com.mystore.testcases.AddToCartPageTest"/>
  <testcase name="@BeforeSuite beforeSuite" time="0.0" classname="com.mystore.base.BaseClass">
    <ignored/>
  </testcase> <!-- @BeforeSuite beforeSuite -->
  <testcase name="@BeforeSuite beforeSuite" time="0.0" classname="com.mystore.base.BaseClass">
    <ignored/>
  </testcase> <!-- @BeforeSuite beforeSuite -->
  <testcase name="@BeforeSuite beforeSuite" time="0.0" classname="com.mystore.base.BaseClass">
    <ignored/>
  </testcase> <!-- @BeforeSuite beforeSuite -->
  <testcase name="@BeforeSuite beforeSuite" time="0.0" classname="com.mystore.base.BaseClass">
    <ignored/>
  </testcase> <!-- @BeforeSuite beforeSuite -->
  <testcase name="@BeforeSuite beforeSuite" time="0.0" classname="com.mystore.base.BaseClass">
    <ignored/>
  </testcase> <!-- @BeforeSuite beforeSuite -->
  <testcase name="@BeforeSuite beforeSuite" time="0.0" classname="com.mystore.base.BaseClass">
    <ignored/>
  </testcase> <!-- @BeforeSuite beforeSuite -->
  <testcase name="@BeforeSuite beforeSuite" time="0.0" classname="com.mystore.base.BaseClass">
    <ignored/>
  </testcase> <!-- @BeforeSuite beforeSuite -->
  <testcase name="@AfterSuite afterSuite" time="0.0" classname="com.mystore.base.BaseClass">
    <ignored/>
  </testcase> <!-- @AfterSuite afterSuite -->
  <testcase name="@AfterSuite afterSuite" time="0.0" classname="com.mystore.base.BaseClass">
    <ignored/>
  </testcase> <!-- @AfterSuite afterSuite -->
  <testcase name="@AfterSuite afterSuite" time="0.0" classname="com.mystore.base.BaseClass">
    <ignored/>
  </testcase> <!-- @AfterSuite afterSuite -->
  <testcase name="@AfterSuite afterSuite" time="0.0" classname="com.mystore.base.BaseClass">
    <ignored/>
  </testcase> <!-- @AfterSuite afterSuite -->
  <testcase name="@AfterSuite afterSuite" time="0.0" classname="com.mystore.base.BaseClass">
    <ignored/>
  </testcase> <!-- @AfterSuite afterSuite -->
  <testcase name="@AfterSuite afterSuite" time="0.0" classname="com.mystore.base.BaseClass">
    <ignored/>
  </testcase> <!-- @AfterSuite afterSuite -->
  <testcase name="@AfterSuite afterSuite" time="0.0" classname="com.mystore.base.BaseClass">
    <ignored/>
  </testcase> <!-- @AfterSuite afterSuite -->
</testsuite> <!-- Testng_all.xml -->
